\BOOKMARK [0][-]{chapter.1}{Differential Evolution \(DE\)}{}% 1
\BOOKMARK [1][-]{section.1.1}{Story}{chapter.1}% 2
\BOOKMARK [1][-]{section.1.2}{Pseudo code}{chapter.1}% 3
\BOOKMARK [1][-]{section.1.3}{Flowchart}{chapter.1}% 4
\BOOKMARK [0][-]{chapter.2}{Evolutionary Strategy \(ES\)}{}% 5
\BOOKMARK [1][-]{section.2.1}{Story}{chapter.2}% 6
\BOOKMARK [1][-]{section.2.2}{Pseudo code}{chapter.2}% 7
\BOOKMARK [1][-]{section.2.3}{Flowchart}{chapter.2}% 8
\BOOKMARK [0][-]{chapter.3}{Cuckoo Search \(CS\)}{}% 9
\BOOKMARK [1][-]{section.3.1}{Story}{chapter.3}% 10
\BOOKMARK [1][-]{section.3.2}{Pseudo code}{chapter.3}% 11
\BOOKMARK [1][-]{section.3.3}{Flowchart}{chapter.3}% 12
\BOOKMARK [0][-]{chapter.4}{Artificial Bee Colony \(ABC\)}{}% 13
\BOOKMARK [1][-]{section.4.1}{Story}{chapter.4}% 14
\BOOKMARK [1][-]{section.4.2}{Pseudo code}{chapter.4}% 15
\BOOKMARK [1][-]{section.4.3}{Flowchart}{chapter.4}% 16
\BOOKMARK [0][-]{chapter.5}{Particle Swarm Optimization \(PSO\)}{}% 17
\BOOKMARK [1][-]{section.5.1}{Story}{chapter.5}% 18
\BOOKMARK [1][-]{section.5.2}{Pseudo code}{chapter.5}% 19
\BOOKMARK [1][-]{section.5.3}{Flowchart}{chapter.5}% 20
\BOOKMARK [0][-]{chapter.6}{Whale Optimization Algorithm \(WOA\)}{}% 21
\BOOKMARK [1][-]{section.6.1}{Story}{chapter.6}% 22
\BOOKMARK [1][-]{section.6.2}{Pseudo code}{chapter.6}% 23
\BOOKMARK [1][-]{section.6.3}{Flowchart}{chapter.6}% 24
\BOOKMARK [0][-]{chapter.7}{Grey Wolf Optimization \(GWO\)}{}% 25
\BOOKMARK [1][-]{section.7.1}{Story}{chapter.7}% 26
\BOOKMARK [1][-]{section.7.2}{Pseudo code}{chapter.7}% 27
\BOOKMARK [1][-]{section.7.3}{Flowchart}{chapter.7}% 28
\BOOKMARK [0][-]{chapter.8}{Flower Pollination Algorithm \(FPA\)}{}% 29
\BOOKMARK [1][-]{section.8.1}{Story}{chapter.8}% 30
\BOOKMARK [1][-]{section.8.2}{Pseudo code}{chapter.8}% 31
\BOOKMARK [1][-]{section.8.3}{Flowchart}{chapter.8}% 32
\BOOKMARK [0][-]{chapter.9}{Firefly Algorithm \(FA\)}{}% 33
\BOOKMARK [1][-]{section.9.1}{Story}{chapter.9}% 34
\BOOKMARK [1][-]{section.9.2}{Pseudo code}{chapter.9}% 35
\BOOKMARK [1][-]{section.9.3}{Flowchart}{chapter.9}% 36
\BOOKMARK [0][-]{chapter.10}{Black Hole Algorithm \(BHA\)}{}% 37
\BOOKMARK [1][-]{section.10.1}{Story}{chapter.10}% 38
\BOOKMARK [1][-]{section.10.2}{Pseudo code}{chapter.10}% 39
